[INFO][main][2017-06-22 10:58:03][org.springframework.test.context.support.AbstractTestContextBootstrapper] - Loaded default TestExecutionListener class names from location [META-INF/spring.factories]: [org.springframework.test.context.web.ServletTestExecutionListener, org.springframework.test.context.support.DirtiesContextBeforeModesTestExecutionListener, org.springframework.test.context.support.DependencyInjectionTestExecutionListener, org.springframework.test.context.support.DirtiesContextTestExecutionListener, org.springframework.test.context.transaction.TransactionalTestExecutionListener, org.springframework.test.context.jdbc.SqlScriptsTestExecutionListener]
[INFO][main][2017-06-22 10:58:03][org.springframework.test.context.support.AbstractTestContextBootstrapper] - Using TestExecutionListeners: [org.springframework.test.context.web.ServletTestExecutionListener@7692d9cc, org.springframework.test.context.support.DirtiesContextBeforeModesTestExecutionListener@75f32542, org.springframework.test.context.support.DependencyInjectionTestExecutionListener@7f1302d6, org.springframework.test.context.support.DirtiesContextTestExecutionListener@43ee72e6, org.springframework.test.context.transaction.TransactionalTestExecutionListener@23529fee, org.springframework.test.context.jdbc.SqlScriptsTestExecutionListener@4fe767f3]
[INFO][main][2017-06-22 10:58:04][org.springframework.beans.factory.xml.XmlBeanDefinitionReader] - Loading XML bean definitions from file [F:\PersonalWork\selfwork\web-ssm\target\classes\spring-mvc.xml]
[INFO][main][2017-06-22 10:58:06][org.springframework.beans.factory.xml.XmlBeanDefinitionReader] - Loading XML bean definitions from file [F:\PersonalWork\selfwork\web-ssm\target\classes\spring-mybatis.xml]
[INFO][main][2017-06-22 10:58:06][org.springframework.context.support.AbstractApplicationContext] - Refreshing org.springframework.context.support.GenericApplicationContext@69b2283a: startup date [Thu Jun 22 10:58:06 CST 2017]; root of context hierarchy
[INFO][main][2017-06-22 10:58:07][org.springframework.core.io.support.PropertiesLoaderSupport] - Loading properties file from class path resource [jdbc.properties]
[INFO][main][2017-06-22 10:58:07][org.springframework.beans.factory.annotation.AutowiredAnnotationBeanPostProcessor] - JSR-330 'javax.inject.Inject' annotation found and supported for autowiring
[INFO][main][2017-06-22 10:58:10][org.springframework.web.servlet.handler.AbstractUrlHandlerMapping] - Mapped URL path [/resources/**] onto handler 'org.springframework.web.servlet.resource.ResourceHttpRequestHandler#0'
[INFO][main][2017-06-22 10:58:10][org.springframework.web.servlet.handler.AbstractHandlerMethodMapping$MappingRegistry] - Mapped "{[/loginHandler/index]}" onto public java.lang.String com.heitian.ssm.arch.login.LoginHandler.index()
[INFO][main][2017-06-22 10:58:10][org.springframework.web.servlet.handler.AbstractHandlerMethodMapping$MappingRegistry] - Mapped "{[/loginHandler/forwardLogin]}" onto public java.lang.String com.heitian.ssm.arch.login.LoginHandler.loginPage()
[INFO][main][2017-06-22 10:58:10][org.springframework.web.servlet.handler.AbstractHandlerMethodMapping$MappingRegistry] - Mapped "{[/loginHandler/loginInfo]}" onto public com.heitian.ssm.arch.utils.QMap com.heitian.ssm.arch.login.LoginHandler.loginInfo(java.lang.String,java.lang.String,java.lang.String,javax.servlet.http.HttpServletRequest)
[INFO][main][2017-06-22 10:58:10][org.springframework.web.servlet.handler.AbstractHandlerMethodMapping$MappingRegistry] - Mapped "{[/loginHandler/logoutSystem]}" onto public com.heitian.ssm.arch.utils.QMap com.heitian.ssm.arch.login.LoginHandler.logoutSystem(javax.servlet.http.HttpServletRequest)
[INFO][main][2017-06-22 10:58:10][org.springframework.web.servlet.handler.AbstractHandlerMethodMapping$MappingRegistry] - Mapped "{[/loginHandler/modifyPwd]}" onto public com.heitian.ssm.arch.utils.QMap com.heitian.ssm.arch.login.LoginHandler.modifyPwd(javax.servlet.http.HttpServletRequest,java.lang.String,java.lang.String)
[INFO][main][2017-06-22 10:58:10][org.springframework.web.servlet.handler.AbstractHandlerMethodMapping$MappingRegistry] - Mapped "{[/loginHandler/signAccout]}" onto public com.heitian.ssm.arch.utils.QMap com.heitian.ssm.arch.login.LoginHandler.signAccout(java.lang.String,java.lang.String)
[INFO][main][2017-06-22 10:58:10][org.springframework.web.servlet.handler.AbstractHandlerMethodMapping$MappingRegistry] - Mapped "{[/user/showUser]}" onto public java.lang.String com.heitian.ssm.controller.UserController.showUser(javax.servlet.http.HttpServletRequest,org.springframework.ui.Model)
[INFO][main][2017-06-22 10:58:11][org.springframework.web.servlet.mvc.method.annotation.RequestMappingHandlerAdapter] - Looking for @ControllerAdvice: org.springframework.context.support.GenericApplicationContext@69b2283a: startup date [Thu Jun 22 10:58:06 CST 2017]; root of context hierarchy
[INFO][main][2017-06-22 10:58:11][org.springframework.web.servlet.mvc.method.annotation.RequestMappingHandlerAdapter] - Looking for @ControllerAdvice: org.springframework.context.support.GenericApplicationContext@69b2283a: startup date [Thu Jun 22 10:58:06 CST 2017]; root of context hierarchy
[INFO][main][2017-06-22 10:58:25][org.springframework.beans.factory.xml.XmlBeanDefinitionReader] - Loading XML bean definitions from class path resource [org/springframework/jdbc/support/sql-error-codes.xml]
[INFO][main][2017-06-22 10:58:25][org.springframework.jdbc.support.SQLErrorCodesFactory] - SQLErrorCodes loaded: [DB2, Derby, H2, HSQL, Informix, MS-SQL, MySQL, Oracle, PostgreSQL, Sybase, Hana]
[INFO][Thread-0][2017-06-22 10:58:25][org.springframework.context.support.AbstractApplicationContext] - Closing org.springframework.context.support.GenericApplicationContext@69b2283a: startup date [Thu Jun 22 10:58:06 CST 2017]; root of context hierarchy
[INFO][main][2017-06-22 10:59:41][org.springframework.test.context.support.AbstractTestContextBootstrapper] - Loaded default TestExecutionListener class names from location [META-INF/spring.factories]: [org.springframework.test.context.web.ServletTestExecutionListener, org.springframework.test.context.support.DirtiesContextBeforeModesTestExecutionListener, org.springframework.test.context.support.DependencyInjectionTestExecutionListener, org.springframework.test.context.support.DirtiesContextTestExecutionListener, org.springframework.test.context.transaction.TransactionalTestExecutionListener, org.springframework.test.context.jdbc.SqlScriptsTestExecutionListener]
[INFO][main][2017-06-22 10:59:41][org.springframework.test.context.support.AbstractTestContextBootstrapper] - Using TestExecutionListeners: [org.springframework.test.context.web.ServletTestExecutionListener@7692d9cc, org.springframework.test.context.support.DirtiesContextBeforeModesTestExecutionListener@75f32542, org.springframework.test.context.support.DependencyInjectionTestExecutionListener@7f1302d6, org.springframework.test.context.support.DirtiesContextTestExecutionListener@43ee72e6, org.springframework.test.context.transaction.TransactionalTestExecutionListener@23529fee, org.springframework.test.context.jdbc.SqlScriptsTestExecutionListener@4fe767f3]
[INFO][main][2017-06-22 10:59:42][org.springframework.beans.factory.xml.XmlBeanDefinitionReader] - Loading XML bean definitions from file [F:\PersonalWork\selfwork\web-ssm\target\classes\spring-mvc.xml]
[INFO][main][2017-06-22 10:59:42][org.springframework.beans.factory.xml.XmlBeanDefinitionReader] - Loading XML bean definitions from file [F:\PersonalWork\selfwork\web-ssm\target\classes\spring-mybatis.xml]
[INFO][main][2017-06-22 10:59:43][org.springframework.context.support.AbstractApplicationContext] - Refreshing org.springframework.context.support.GenericApplicationContext@69b2283a: startup date [Thu Jun 22 10:59:43 CST 2017]; root of context hierarchy
[INFO][main][2017-06-22 10:59:43][org.springframework.core.io.support.PropertiesLoaderSupport] - Loading properties file from class path resource [jdbc.properties]
[INFO][main][2017-06-22 10:59:43][org.springframework.beans.factory.annotation.AutowiredAnnotationBeanPostProcessor] - JSR-330 'javax.inject.Inject' annotation found and supported for autowiring
[INFO][main][2017-06-22 10:59:44][org.springframework.web.servlet.handler.AbstractUrlHandlerMapping] - Mapped URL path [/resources/**] onto handler 'org.springframework.web.servlet.resource.ResourceHttpRequestHandler#0'
[INFO][main][2017-06-22 10:59:44][org.springframework.web.servlet.handler.AbstractHandlerMethodMapping$MappingRegistry] - Mapped "{[/loginHandler/index]}" onto public java.lang.String com.heitian.ssm.arch.login.LoginHandler.index()
[INFO][main][2017-06-22 10:59:44][org.springframework.web.servlet.handler.AbstractHandlerMethodMapping$MappingRegistry] - Mapped "{[/loginHandler/forwardLogin]}" onto public java.lang.String com.heitian.ssm.arch.login.LoginHandler.loginPage()
[INFO][main][2017-06-22 10:59:44][org.springframework.web.servlet.handler.AbstractHandlerMethodMapping$MappingRegistry] - Mapped "{[/loginHandler/loginInfo]}" onto public com.heitian.ssm.arch.utils.QMap com.heitian.ssm.arch.login.LoginHandler.loginInfo(java.lang.String,java.lang.String,java.lang.String,javax.servlet.http.HttpServletRequest)
[INFO][main][2017-06-22 10:59:44][org.springframework.web.servlet.handler.AbstractHandlerMethodMapping$MappingRegistry] - Mapped "{[/loginHandler/logoutSystem]}" onto public com.heitian.ssm.arch.utils.QMap com.heitian.ssm.arch.login.LoginHandler.logoutSystem(javax.servlet.http.HttpServletRequest)
[INFO][main][2017-06-22 10:59:44][org.springframework.web.servlet.handler.AbstractHandlerMethodMapping$MappingRegistry] - Mapped "{[/loginHandler/modifyPwd]}" onto public com.heitian.ssm.arch.utils.QMap com.heitian.ssm.arch.login.LoginHandler.modifyPwd(javax.servlet.http.HttpServletRequest,java.lang.String,java.lang.String)
[INFO][main][2017-06-22 10:59:44][org.springframework.web.servlet.handler.AbstractHandlerMethodMapping$MappingRegistry] - Mapped "{[/loginHandler/signAccout]}" onto public com.heitian.ssm.arch.utils.QMap com.heitian.ssm.arch.login.LoginHandler.signAccout(java.lang.String,java.lang.String)
[INFO][main][2017-06-22 10:59:44][org.springframework.web.servlet.handler.AbstractHandlerMethodMapping$MappingRegistry] - Mapped "{[/user/showUser]}" onto public java.lang.String com.heitian.ssm.controller.UserController.showUser(javax.servlet.http.HttpServletRequest,org.springframework.ui.Model)
[INFO][main][2017-06-22 10:59:45][org.springframework.web.servlet.mvc.method.annotation.RequestMappingHandlerAdapter] - Looking for @ControllerAdvice: org.springframework.context.support.GenericApplicationContext@69b2283a: startup date [Thu Jun 22 10:59:43 CST 2017]; root of context hierarchy
[INFO][main][2017-06-22 10:59:45][org.springframework.web.servlet.mvc.method.annotation.RequestMappingHandlerAdapter] - Looking for @ControllerAdvice: org.springframework.context.support.GenericApplicationContext@69b2283a: startup date [Thu Jun 22 10:59:43 CST 2017]; root of context hierarchy
[INFO][main][2017-06-22 10:59:55][org.springframework.beans.factory.xml.XmlBeanDefinitionReader] - Loading XML bean definitions from class path resource [org/springframework/jdbc/support/sql-error-codes.xml]
[INFO][main][2017-06-22 10:59:55][org.springframework.jdbc.support.SQLErrorCodesFactory] - SQLErrorCodes loaded: [DB2, Derby, H2, HSQL, Informix, MS-SQL, MySQL, Oracle, PostgreSQL, Sybase, Hana]
[INFO][Thread-0][2017-06-22 10:59:55][org.springframework.context.support.AbstractApplicationContext] - Closing org.springframework.context.support.GenericApplicationContext@69b2283a: startup date [Thu Jun 22 10:59:43 CST 2017]; root of context hierarchy
[INFO][main][2017-06-22 11:07:04][org.springframework.test.context.support.AbstractTestContextBootstrapper] - Loaded default TestExecutionListener class names from location [META-INF/spring.factories]: [org.springframework.test.context.web.ServletTestExecutionListener, org.springframework.test.context.support.DirtiesContextBeforeModesTestExecutionListener, org.springframework.test.context.support.DependencyInjectionTestExecutionListener, org.springframework.test.context.support.DirtiesContextTestExecutionListener, org.springframework.test.context.transaction.TransactionalTestExecutionListener, org.springframework.test.context.jdbc.SqlScriptsTestExecutionListener]
[INFO][main][2017-06-22 11:07:04][org.springframework.test.context.support.AbstractTestContextBootstrapper] - Using TestExecutionListeners: [org.springframework.test.context.web.ServletTestExecutionListener@7692d9cc, org.springframework.test.context.support.DirtiesContextBeforeModesTestExecutionListener@75f32542, org.springframework.test.context.support.DependencyInjectionTestExecutionListener@7f1302d6, org.springframework.test.context.support.DirtiesContextTestExecutionListener@43ee72e6, org.springframework.test.context.transaction.TransactionalTestExecutionListener@23529fee, org.springframework.test.context.jdbc.SqlScriptsTestExecutionListener@4fe767f3]
[INFO][main][2017-06-22 11:07:05][org.springframework.beans.factory.xml.XmlBeanDefinitionReader] - Loading XML bean definitions from file [F:\PersonalWork\selfwork\web-ssm\target\classes\spring-mvc.xml]
[INFO][main][2017-06-22 11:07:05][org.springframework.beans.factory.xml.XmlBeanDefinitionReader] - Loading XML bean definitions from file [F:\PersonalWork\selfwork\web-ssm\target\classes\spring-mybatis.xml]
[INFO][main][2017-06-22 11:07:06][org.springframework.context.support.AbstractApplicationContext] - Refreshing org.springframework.context.support.GenericApplicationContext@69b2283a: startup date [Thu Jun 22 11:07:06 CST 2017]; root of context hierarchy
[INFO][main][2017-06-22 11:07:06][org.springframework.core.io.support.PropertiesLoaderSupport] - Loading properties file from class path resource [jdbc.properties]
[INFO][main][2017-06-22 11:07:06][org.springframework.beans.factory.annotation.AutowiredAnnotationBeanPostProcessor] - JSR-330 'javax.inject.Inject' annotation found and supported for autowiring
[INFO][main][2017-06-22 11:07:07][org.springframework.web.servlet.handler.AbstractUrlHandlerMapping] - Mapped URL path [/resources/**] onto handler 'org.springframework.web.servlet.resource.ResourceHttpRequestHandler#0'
[INFO][main][2017-06-22 11:07:07][org.springframework.web.servlet.handler.AbstractHandlerMethodMapping$MappingRegistry] - Mapped "{[/loginHandler/index]}" onto public java.lang.String com.heitian.ssm.arch.login.LoginHandler.index()
[INFO][main][2017-06-22 11:07:07][org.springframework.web.servlet.handler.AbstractHandlerMethodMapping$MappingRegistry] - Mapped "{[/loginHandler/forwardLogin]}" onto public java.lang.String com.heitian.ssm.arch.login.LoginHandler.loginPage()
[INFO][main][2017-06-22 11:07:07][org.springframework.web.servlet.handler.AbstractHandlerMethodMapping$MappingRegistry] - Mapped "{[/loginHandler/loginInfo]}" onto public com.heitian.ssm.arch.utils.QMap com.heitian.ssm.arch.login.LoginHandler.loginInfo(java.lang.String,java.lang.String,java.lang.String,javax.servlet.http.HttpServletRequest)
[INFO][main][2017-06-22 11:07:07][org.springframework.web.servlet.handler.AbstractHandlerMethodMapping$MappingRegistry] - Mapped "{[/loginHandler/logoutSystem]}" onto public com.heitian.ssm.arch.utils.QMap com.heitian.ssm.arch.login.LoginHandler.logoutSystem(javax.servlet.http.HttpServletRequest)
[INFO][main][2017-06-22 11:07:07][org.springframework.web.servlet.handler.AbstractHandlerMethodMapping$MappingRegistry] - Mapped "{[/loginHandler/modifyPwd]}" onto public com.heitian.ssm.arch.utils.QMap com.heitian.ssm.arch.login.LoginHandler.modifyPwd(javax.servlet.http.HttpServletRequest,java.lang.String,java.lang.String)
[INFO][main][2017-06-22 11:07:07][org.springframework.web.servlet.handler.AbstractHandlerMethodMapping$MappingRegistry] - Mapped "{[/loginHandler/signAccout]}" onto public com.heitian.ssm.arch.utils.QMap com.heitian.ssm.arch.login.LoginHandler.signAccout(java.lang.String,java.lang.String)
[INFO][main][2017-06-22 11:07:07][org.springframework.web.servlet.handler.AbstractHandlerMethodMapping$MappingRegistry] - Mapped "{[/user/showUser]}" onto public java.lang.String com.heitian.ssm.controller.UserController.showUser(javax.servlet.http.HttpServletRequest,org.springframework.ui.Model)
[INFO][main][2017-06-22 11:07:08][org.springframework.web.servlet.mvc.method.annotation.RequestMappingHandlerAdapter] - Looking for @ControllerAdvice: org.springframework.context.support.GenericApplicationContext@69b2283a: startup date [Thu Jun 22 11:07:06 CST 2017]; root of context hierarchy
[INFO][main][2017-06-22 11:07:08][org.springframework.web.servlet.mvc.method.annotation.RequestMappingHandlerAdapter] - Looking for @ControllerAdvice: org.springframework.context.support.GenericApplicationContext@69b2283a: startup date [Thu Jun 22 11:07:06 CST 2017]; root of context hierarchy
[INFO][main][2017-06-22 11:07:10][org.springframework.beans.factory.xml.XmlBeanDefinitionReader] - Loading XML bean definitions from class path resource [org/springframework/jdbc/support/sql-error-codes.xml]
[INFO][main][2017-06-22 11:07:10][org.springframework.jdbc.support.SQLErrorCodesFactory] - SQLErrorCodes loaded: [DB2, Derby, H2, HSQL, Informix, MS-SQL, MySQL, Oracle, PostgreSQL, Sybase, Hana]
[INFO][Thread-0][2017-06-22 11:07:10][org.springframework.context.support.AbstractApplicationContext] - Closing org.springframework.context.support.GenericApplicationContext@69b2283a: startup date [Thu Jun 22 11:07:06 CST 2017]; root of context hierarchy
[INFO][main][2017-06-22 11:08:11][org.springframework.test.context.support.AbstractTestContextBootstrapper] - Loaded default TestExecutionListener class names from location [META-INF/spring.factories]: [org.springframework.test.context.web.ServletTestExecutionListener, org.springframework.test.context.support.DirtiesContextBeforeModesTestExecutionListener, org.springframework.test.context.support.DependencyInjectionTestExecutionListener, org.springframework.test.context.support.DirtiesContextTestExecutionListener, org.springframework.test.context.transaction.TransactionalTestExecutionListener, org.springframework.test.context.jdbc.SqlScriptsTestExecutionListener]
[INFO][main][2017-06-22 11:08:11][org.springframework.test.context.support.AbstractTestContextBootstrapper] - Using TestExecutionListeners: [org.springframework.test.context.web.ServletTestExecutionListener@7692d9cc, org.springframework.test.context.support.DirtiesContextBeforeModesTestExecutionListener@75f32542, org.springframework.test.context.support.DependencyInjectionTestExecutionListener@7f1302d6, org.springframework.test.context.support.DirtiesContextTestExecutionListener@43ee72e6, org.springframework.test.context.transaction.TransactionalTestExecutionListener@23529fee, org.springframework.test.context.jdbc.SqlScriptsTestExecutionListener@4fe767f3]
[INFO][main][2017-06-22 11:08:12][org.springframework.beans.factory.xml.XmlBeanDefinitionReader] - Loading XML bean definitions from file [F:\PersonalWork\selfwork\web-ssm\target\classes\spring-mvc.xml]
[INFO][main][2017-06-22 11:08:13][org.springframework.beans.factory.xml.XmlBeanDefinitionReader] - Loading XML bean definitions from file [F:\PersonalWork\selfwork\web-ssm\target\classes\spring-mybatis.xml]
[INFO][main][2017-06-22 11:08:13][org.springframework.context.support.AbstractApplicationContext] - Refreshing org.springframework.context.support.GenericApplicationContext@69b2283a: startup date [Thu Jun 22 11:08:13 CST 2017]; root of context hierarchy
[INFO][main][2017-06-22 11:08:13][org.springframework.core.io.support.PropertiesLoaderSupport] - Loading properties file from class path resource [jdbc.properties]
[INFO][main][2017-06-22 11:08:13][org.springframework.beans.factory.annotation.AutowiredAnnotationBeanPostProcessor] - JSR-330 'javax.inject.Inject' annotation found and supported for autowiring
[INFO][main][2017-06-22 11:08:14][org.springframework.web.servlet.handler.AbstractUrlHandlerMapping] - Mapped URL path [/resources/**] onto handler 'org.springframework.web.servlet.resource.ResourceHttpRequestHandler#0'
[INFO][main][2017-06-22 11:08:14][org.springframework.web.servlet.handler.AbstractHandlerMethodMapping$MappingRegistry] - Mapped "{[/loginHandler/index]}" onto public java.lang.String com.heitian.ssm.arch.login.LoginHandler.index()
[INFO][main][2017-06-22 11:08:14][org.springframework.web.servlet.handler.AbstractHandlerMethodMapping$MappingRegistry] - Mapped "{[/loginHandler/forwardLogin]}" onto public java.lang.String com.heitian.ssm.arch.login.LoginHandler.loginPage()
[INFO][main][2017-06-22 11:08:14][org.springframework.web.servlet.handler.AbstractHandlerMethodMapping$MappingRegistry] - Mapped "{[/loginHandler/loginInfo]}" onto public com.heitian.ssm.arch.utils.QMap com.heitian.ssm.arch.login.LoginHandler.loginInfo(java.lang.String,java.lang.String,java.lang.String,javax.servlet.http.HttpServletRequest)
[INFO][main][2017-06-22 11:08:14][org.springframework.web.servlet.handler.AbstractHandlerMethodMapping$MappingRegistry] - Mapped "{[/loginHandler/logoutSystem]}" onto public com.heitian.ssm.arch.utils.QMap com.heitian.ssm.arch.login.LoginHandler.logoutSystem(javax.servlet.http.HttpServletRequest)
[INFO][main][2017-06-22 11:08:14][org.springframework.web.servlet.handler.AbstractHandlerMethodMapping$MappingRegistry] - Mapped "{[/loginHandler/modifyPwd]}" onto public com.heitian.ssm.arch.utils.QMap com.heitian.ssm.arch.login.LoginHandler.modifyPwd(javax.servlet.http.HttpServletRequest,java.lang.String,java.lang.String)
[INFO][main][2017-06-22 11:08:14][org.springframework.web.servlet.handler.AbstractHandlerMethodMapping$MappingRegistry] - Mapped "{[/loginHandler/signAccout]}" onto public com.heitian.ssm.arch.utils.QMap com.heitian.ssm.arch.login.LoginHandler.signAccout(java.lang.String,java.lang.String)
[INFO][main][2017-06-22 11:08:14][org.springframework.web.servlet.handler.AbstractHandlerMethodMapping$MappingRegistry] - Mapped "{[/user/showUser]}" onto public java.lang.String com.heitian.ssm.controller.UserController.showUser(javax.servlet.http.HttpServletRequest,org.springframework.ui.Model)
[INFO][main][2017-06-22 11:08:15][org.springframework.web.servlet.mvc.method.annotation.RequestMappingHandlerAdapter] - Looking for @ControllerAdvice: org.springframework.context.support.GenericApplicationContext@69b2283a: startup date [Thu Jun 22 11:08:13 CST 2017]; root of context hierarchy
[INFO][main][2017-06-22 11:08:15][org.springframework.web.servlet.mvc.method.annotation.RequestMappingHandlerAdapter] - Looking for @ControllerAdvice: org.springframework.context.support.GenericApplicationContext@69b2283a: startup date [Thu Jun 22 11:08:13 CST 2017]; root of context hierarchy
[INFO][Thread-0][2017-06-22 11:08:17][org.springframework.context.support.AbstractApplicationContext] - Closing org.springframework.context.support.GenericApplicationContext@69b2283a: startup date [Thu Jun 22 11:08:13 CST 2017]; root of context hierarchy
[INFO][main][2017-06-22 11:09:29][org.springframework.test.context.support.AbstractTestContextBootstrapper] - Loaded default TestExecutionListener class names from location [META-INF/spring.factories]: [org.springframework.test.context.web.ServletTestExecutionListener, org.springframework.test.context.support.DirtiesContextBeforeModesTestExecutionListener, org.springframework.test.context.support.DependencyInjectionTestExecutionListener, org.springframework.test.context.support.DirtiesContextTestExecutionListener, org.springframework.test.context.transaction.TransactionalTestExecutionListener, org.springframework.test.context.jdbc.SqlScriptsTestExecutionListener]
[INFO][main][2017-06-22 11:09:29][org.springframework.test.context.support.AbstractTestContextBootstrapper] - Using TestExecutionListeners: [org.springframework.test.context.web.ServletTestExecutionListener@7692d9cc, org.springframework.test.context.support.DirtiesContextBeforeModesTestExecutionListener@75f32542, org.springframework.test.context.support.DependencyInjectionTestExecutionListener@7f1302d6, org.springframework.test.context.support.DirtiesContextTestExecutionListener@43ee72e6, org.springframework.test.context.transaction.TransactionalTestExecutionListener@23529fee, org.springframework.test.context.jdbc.SqlScriptsTestExecutionListener@4fe767f3]
[INFO][main][2017-06-22 11:09:29][org.springframework.beans.factory.xml.XmlBeanDefinitionReader] - Loading XML bean definitions from file [F:\PersonalWork\selfwork\web-ssm\target\classes\spring-mvc.xml]
[INFO][main][2017-06-22 11:09:30][org.springframework.beans.factory.xml.XmlBeanDefinitionReader] - Loading XML bean definitions from file [F:\PersonalWork\selfwork\web-ssm\target\classes\spring-mybatis.xml]
[INFO][main][2017-06-22 11:09:30][org.springframework.context.support.AbstractApplicationContext] - Refreshing org.springframework.context.support.GenericApplicationContext@69b2283a: startup date [Thu Jun 22 11:09:30 CST 2017]; root of context hierarchy
[INFO][main][2017-06-22 11:09:31][org.springframework.core.io.support.PropertiesLoaderSupport] - Loading properties file from class path resource [jdbc.properties]
[INFO][main][2017-06-22 11:09:31][org.springframework.beans.factory.annotation.AutowiredAnnotationBeanPostProcessor] - JSR-330 'javax.inject.Inject' annotation found and supported for autowiring
[INFO][main][2017-06-22 11:09:32][org.springframework.web.servlet.handler.AbstractUrlHandlerMapping] - Mapped URL path [/resources/**] onto handler 'org.springframework.web.servlet.resource.ResourceHttpRequestHandler#0'
[INFO][main][2017-06-22 11:09:32][org.springframework.web.servlet.handler.AbstractHandlerMethodMapping$MappingRegistry] - Mapped "{[/loginHandler/index]}" onto public java.lang.String com.heitian.ssm.arch.login.LoginHandler.index()
[INFO][main][2017-06-22 11:09:32][org.springframework.web.servlet.handler.AbstractHandlerMethodMapping$MappingRegistry] - Mapped "{[/loginHandler/forwardLogin]}" onto public java.lang.String com.heitian.ssm.arch.login.LoginHandler.loginPage()
[INFO][main][2017-06-22 11:09:32][org.springframework.web.servlet.handler.AbstractHandlerMethodMapping$MappingRegistry] - Mapped "{[/loginHandler/loginInfo]}" onto public com.heitian.ssm.arch.utils.QMap com.heitian.ssm.arch.login.LoginHandler.loginInfo(java.lang.String,java.lang.String,java.lang.String,javax.servlet.http.HttpServletRequest)
[INFO][main][2017-06-22 11:09:32][org.springframework.web.servlet.handler.AbstractHandlerMethodMapping$MappingRegistry] - Mapped "{[/loginHandler/logoutSystem]}" onto public com.heitian.ssm.arch.utils.QMap com.heitian.ssm.arch.login.LoginHandler.logoutSystem(javax.servlet.http.HttpServletRequest)
[INFO][main][2017-06-22 11:09:32][org.springframework.web.servlet.handler.AbstractHandlerMethodMapping$MappingRegistry] - Mapped "{[/loginHandler/modifyPwd]}" onto public com.heitian.ssm.arch.utils.QMap com.heitian.ssm.arch.login.LoginHandler.modifyPwd(javax.servlet.http.HttpServletRequest,java.lang.String,java.lang.String)
[INFO][main][2017-06-22 11:09:32][org.springframework.web.servlet.handler.AbstractHandlerMethodMapping$MappingRegistry] - Mapped "{[/loginHandler/signAccout]}" onto public com.heitian.ssm.arch.utils.QMap com.heitian.ssm.arch.login.LoginHandler.signAccout(java.lang.String,java.lang.String)
[INFO][main][2017-06-22 11:09:32][org.springframework.web.servlet.handler.AbstractHandlerMethodMapping$MappingRegistry] - Mapped "{[/user/showUser]}" onto public java.lang.String com.heitian.ssm.controller.UserController.showUser(javax.servlet.http.HttpServletRequest,org.springframework.ui.Model)
[INFO][main][2017-06-22 11:09:32][org.springframework.web.servlet.mvc.method.annotation.RequestMappingHandlerAdapter] - Looking for @ControllerAdvice: org.springframework.context.support.GenericApplicationContext@69b2283a: startup date [Thu Jun 22 11:09:30 CST 2017]; root of context hierarchy
[INFO][main][2017-06-22 11:09:32][org.springframework.web.servlet.mvc.method.annotation.RequestMappingHandlerAdapter] - Looking for @ControllerAdvice: org.springframework.context.support.GenericApplicationContext@69b2283a: startup date [Thu Jun 22 11:09:30 CST 2017]; root of context hierarchy
[INFO][Thread-0][2017-06-22 11:09:35][org.springframework.context.support.AbstractApplicationContext] - Closing org.springframework.context.support.GenericApplicationContext@69b2283a: startup date [Thu Jun 22 11:09:30 CST 2017]; root of context hierarchy
